<?xml version="1.0" encoding="UTF-8"?>
<!-- Generated by org.testng.reporters.JUnitXMLReporter -->
<testsuite ignored="0" hostname="DESKTOP-8SHG8LJ" failures="0" tests="3" name="Default test" time="4.101" errors="0" timestamp="2022-12-01T16:17:26 IST">
  <testcase classname="Test_Demo.Put_Patch_Delete_Method" name="delete" time="2.867"/>
  <testcase classname="Test_Demo.Put_Patch_Delete_Method" name="patch_Method" time="0.611"/>
  <testcase classname="Test_Demo.Put_Patch_Delete_Method" name="put_Method" time="0.551"/>
</testsuite> <!-- Default test -->
