<?xml version="1.0" encoding="UTF-8"?>
<testng-results ignored="0" total="3" passed="3" failed="0" skipped="0">
  <reporter-output>
  </reporter-output>
  <suite started-at="2022-12-01T16:17:22 IST" name="Default suite" finished-at="2022-12-01T16:17:26 IST" duration-ms="4101">
    <groups>
    </groups>
    <test started-at="2022-12-01T16:17:22 IST" name="Default test" finished-at="2022-12-01T16:17:26 IST" duration-ms="4101">
      <class name="Test_Demo.Put_Patch_Delete_Method">
        <test-method signature="delete()[pri:0, instance:Test_Demo.Put_Patch_Delete_Method@6973b51b]" started-at="2022-12-01T16:17:22 IST" name="delete" finished-at="2022-12-01T16:17:25 IST" duration-ms="2867" status="PASS">
          <reporter-output>
          </reporter-output>
        </test-method> <!-- delete -->
        <test-method signature="patch_Method()[pri:0, instance:Test_Demo.Put_Patch_Delete_Method@6973b51b]" started-at="2022-12-01T16:17:25 IST" name="patch_Method" finished-at="2022-12-01T16:17:25 IST" duration-ms="611" status="PASS">
          <reporter-output>
          </reporter-output>
        </test-method> <!-- patch_Method -->
        <test-method signature="put_Method()[pri:0, instance:Test_Demo.Put_Patch_Delete_Method@6973b51b]" started-at="2022-12-01T16:17:25 IST" name="put_Method" finished-at="2022-12-01T16:17:26 IST" duration-ms="551" status="PASS">
          <reporter-output>
          </reporter-output>
        </test-method> <!-- put_Method -->
      </class> <!-- Test_Demo.Put_Patch_Delete_Method -->
    </test> <!-- Default test -->
  </suite> <!-- Default suite -->
</testng-results>
